{"/Users/viniciuscarvalho/Projects/rocketseat-gostack-gobarber-reactnative/src/components/Button/index.tsx": {"path":"/Users/viniciuscarvalho/Projects/rocketseat-gostack-gobarber-reactnative/src/components/Button/index.tsx","statementMap":{"0":{"start":{"line":9,"column":43},"end":{"line":13,"column":1}},"1":{"start":{"line":10,"column":4},"end":{"line":12,"column":16}}},"fnMap":{"0":{"name":"(anonymous_0)","decl":{"start":{"line":9,"column":43},"end":{"line":9,"column":44}},"loc":{"start":{"line":10,"column":4},"end":{"line":12,"column":16}},"line":10}},"branchMap":{},"s":{"0":1,"1":1},"f":{"0":1},"b":{},"_coverageSchema":"1a1c01bbd47fc00a2c39e90264f33305004495a9","hash":"d09a56da4efafedf8120397f8c5bf81047d12e34"}
,"/Users/viniciuscarvalho/Projects/rocketseat-gostack-gobarber-reactnative/src/components/Input/index.tsx": {"path":"/Users/viniciuscarvalho/Projects/rocketseat-gostack-gobarber-reactnative/src/components/Input/index.tsx","statementMap":{"0":{"start":{"line":27,"column":66},"end":{"line":95,"column":1}},"1":{"start":{"line":31,"column":38},"end":{"line":31,"column":53}},"2":{"start":{"line":32,"column":36},"end":{"line":32,"column":51}},"3":{"start":{"line":34,"column":28},"end":{"line":34,"column":45}},"4":{"start":{"line":36,"column":65},"end":{"line":36,"column":79}},"5":{"start":{"line":37,"column":26},"end":{"line":37,"column":76}},"6":{"start":{"line":39,"column":29},"end":{"line":41,"column":10}},"7":{"start":{"line":40,"column":8},"end":{"line":40,"column":27}},"8":{"start":{"line":43,"column":28},"end":{"line":46,"column":10}},"9":{"start":{"line":44,"column":8},"end":{"line":44,"column":28}},"10":{"start":{"line":45,"column":8},"end":{"line":45,"column":51}},"11":{"start":{"line":48,"column":4},"end":{"line":52,"column":8}},"12":{"start":{"line":48,"column":36},"end":{"line":52,"column":5}},"13":{"start":{"line":50,"column":12},"end":{"line":50,"column":44}},"14":{"start":{"line":54,"column":4},"end":{"line":68,"column":35}},"15":{"start":{"line":55,"column":8},"end":{"line":67,"column":11}},"16":{"start":{"line":60,"column":16},"end":{"line":60,"column":52}},"17":{"start":{"line":61,"column":16},"end":{"line":61,"column":70}},"18":{"start":{"line":64,"column":16},"end":{"line":64,"column":49}},"19":{"start":{"line":65,"column":16},"end":{"line":65,"column":48}},"20":{"start":{"line":70,"column":4},"end":{"line":94,"column":6}},"21":{"start":{"line":89,"column":20},"end":{"line":89,"column":56}}},"fnMap":{"0":{"name":"(anonymous_0)","decl":{"start":{"line":27,"column":66},"end":{"line":27,"column":67}},"loc":{"start":{"line":30,"column":5},"end":{"line":95,"column":1}},"line":30},"1":{"name":"(anonymous_1)","decl":{"start":{"line":39,"column":41},"end":{"line":39,"column":42}},"loc":{"start":{"line":39,"column":47},"end":{"line":41,"column":5}},"line":39},"2":{"name":"(anonymous_2)","decl":{"start":{"line":43,"column":40},"end":{"line":43,"column":41}},"loc":{"start":{"line":43,"column":46},"end":{"line":46,"column":5}},"line":43},"3":{"name":"(anonymous_3)","decl":{"start":{"line":48,"column":29},"end":{"line":48,"column":30}},"loc":{"start":{"line":48,"column":36},"end":{"line":52,"column":5}},"line":48},"4":{"name":"(anonymous_4)","decl":{"start":{"line":49,"column":8},"end":{"line":49,"column":9}},"loc":{"start":{"line":49,"column":16},"end":{"line":51,"column":9}},"line":49},"5":{"name":"(anonymous_5)","decl":{"start":{"line":54,"column":14},"end":{"line":54,"column":15}},"loc":{"start":{"line":54,"column":20},"end":{"line":68,"column":5}},"line":54},"6":{"name":"(anonymous_6)","decl":{"start":{"line":59,"column":22},"end":{"line":59,"column":23}},"loc":{"start":{"line":59,"column":48},"end":{"line":62,"column":13}},"line":59},"7":{"name":"(anonymous_7)","decl":{"start":{"line":63,"column":12},"end":{"line":63,"column":13}},"loc":{"start":{"line":63,"column":25},"end":{"line":66,"column":13}},"line":63},"8":{"name":"(anonymous_8)","decl":{"start":{"line":88,"column":30},"end":{"line":88,"column":31}},"loc":{"start":{"line":88,"column":41},"end":{"line":90,"column":17}},"line":88}},"branchMap":{"0":{"loc":{"start":{"line":28,"column":17},"end":{"line":28,"column":36}},"type":"default-arg","locations":[{"start":{"line":28,"column":34},"end":{"line":28,"column":36}}],"line":28},"1":{"loc":{"start":{"line":36,"column":26},"end":{"line":36,"column":43}},"type":"default-arg","locations":[{"start":{"line":36,"column":41},"end":{"line":36,"column":43}}],"line":36},"2":{"loc":{"start":{"line":79,"column":23},"end":{"line":79,"column":68}},"type":"cond-expr","locations":[{"start":{"line":79,"column":47},"end":{"line":79,"column":56}},{"start":{"line":79,"column":59},"end":{"line":79,"column":68}}],"line":79},"3":{"loc":{"start":{"line":79,"column":23},"end":{"line":79,"column":44}},"type":"binary-expr","locations":[{"start":{"line":79,"column":23},"end":{"line":79,"column":32}},{"start":{"line":79,"column":36},"end":{"line":79,"column":44}}],"line":79}},"s":{"0":1,"1":2,"2":2,"3":2,"4":2,"5":2,"6":2,"7":0,"8":2,"9":0,"10":0,"11":2,"12":1,"13":0,"14":2,"15":2,"16":0,"17":0,"18":0,"19":0,"20":2,"21":0},"f":{"0":2,"1":0,"2":0,"3":1,"4":0,"5":2,"6":0,"7":0,"8":0},"b":{"0":[2],"1":[2],"2":[0,2],"3":[2,2]},"_coverageSchema":"1a1c01bbd47fc00a2c39e90264f33305004495a9","hash":"cba33e08046ea0595e55e75fc03b4922eb12fcf8"}
,"/Users/viniciuscarvalho/Projects/rocketseat-gostack-gobarber-reactnative/src/hooks/auth.tsx": {"path":"/Users/viniciuscarvalho/Projects/rocketseat-gostack-gobarber-reactnative/src/hooks/auth.tsx","statementMap":{"0":{"start":{"line":35,"column":20},"end":{"line":35,"column":73}},"1":{"start":{"line":37,"column":38},"end":{"line":105,"column":1}},"2":{"start":{"line":38,"column":28},"end":{"line":38,"column":64}},"3":{"start":{"line":39,"column":34},"end":{"line":39,"column":48}},"4":{"start":{"line":41,"column":4},"end":{"line":57,"column":11}},"5":{"start":{"line":43,"column":34},"end":{"line":46,"column":14}},"6":{"start":{"line":48,"column":12},"end":{"line":52,"column":13}},"7":{"start":{"line":49,"column":16},"end":{"line":49,"column":74}},"8":{"start":{"line":51,"column":16},"end":{"line":51,"column":70}},"9":{"start":{"line":54,"column":12},"end":{"line":54,"column":30}},"10":{"start":{"line":56,"column":8},"end":{"line":56,"column":26}},"11":{"start":{"line":59,"column":19},"end":{"line":74,"column":10}},"12":{"start":{"line":60,"column":25},"end":{"line":63,"column":10}},"13":{"start":{"line":65,"column":30},"end":{"line":65,"column":43}},"14":{"start":{"line":66,"column":8},"end":{"line":69,"column":11}},"15":{"start":{"line":71,"column":8},"end":{"line":71,"column":63}},"16":{"start":{"line":73,"column":8},"end":{"line":73,"column":31}},"17":{"start":{"line":76,"column":20},"end":{"line":80,"column":10}},"18":{"start":{"line":77,"column":8},"end":{"line":77,"column":78}},"19":{"start":{"line":79,"column":8},"end":{"line":79,"column":33}},"20":{"start":{"line":82,"column":23},"end":{"line":97,"column":5}},"21":{"start":{"line":84,"column":12},"end":{"line":90,"column":15}},"22":{"start":{"line":91,"column":12},"end":{"line":94,"column":14}},"23":{"start":{"line":99,"column":4},"end":{"line":104,"column":6}},"24":{"start":{"line":108,"column":20},"end":{"line":108,"column":43}},"25":{"start":{"line":110,"column":4},"end":{"line":112,"column":5}},"26":{"start":{"line":111,"column":8},"end":{"line":111,"column":71}},"27":{"start":{"line":114,"column":4},"end":{"line":114,"column":19}}},"fnMap":{"0":{"name":"(anonymous_0)","decl":{"start":{"line":37,"column":38},"end":{"line":37,"column":39}},"loc":{"start":{"line":37,"column":54},"end":{"line":105,"column":1}},"line":37},"1":{"name":"(anonymous_1)","decl":{"start":{"line":41,"column":14},"end":{"line":41,"column":15}},"loc":{"start":{"line":41,"column":20},"end":{"line":57,"column":5}},"line":41},"2":{"name":"loadStorageData","decl":{"start":{"line":42,"column":23},"end":{"line":42,"column":38}},"loc":{"start":{"line":42,"column":56},"end":{"line":55,"column":9}},"line":42},"3":{"name":"(anonymous_3)","decl":{"start":{"line":59,"column":31},"end":{"line":59,"column":32}},"loc":{"start":{"line":59,"column":60},"end":{"line":74,"column":5}},"line":59},"4":{"name":"(anonymous_4)","decl":{"start":{"line":76,"column":32},"end":{"line":76,"column":33}},"loc":{"start":{"line":76,"column":44},"end":{"line":80,"column":5}},"line":76},"5":{"name":"(anonymous_5)","decl":{"start":{"line":83,"column":8},"end":{"line":83,"column":9}},"loc":{"start":{"line":83,"column":45},"end":{"line":95,"column":9}},"line":83},"6":{"name":"useAuth","decl":{"start":{"line":107,"column":16},"end":{"line":107,"column":23}},"loc":{"start":{"line":107,"column":43},"end":{"line":115,"column":1}},"line":107}},"branchMap":{"0":{"loc":{"start":{"line":48,"column":12},"end":{"line":52,"column":13}},"type":"if","locations":[{"start":{"line":48,"column":12},"end":{"line":52,"column":13}},{"start":{"line":48,"column":12},"end":{"line":52,"column":13}}],"line":48},"1":{"loc":{"start":{"line":48,"column":16},"end":{"line":48,"column":35}},"type":"binary-expr","locations":[{"start":{"line":48,"column":16},"end":{"line":48,"column":24}},{"start":{"line":48,"column":28},"end":{"line":48,"column":35}}],"line":48},"2":{"loc":{"start":{"line":110,"column":4},"end":{"line":112,"column":5}},"type":"if","locations":[{"start":{"line":110,"column":4},"end":{"line":112,"column":5}},{"start":{"line":110,"column":4},"end":{"line":112,"column":5}}],"line":110}},"s":{"0":1,"1":1,"2":0,"3":0,"4":0,"5":0,"6":0,"7":0,"8":0,"9":0,"10":0,"11":0,"12":0,"13":0,"14":0,"15":0,"16":0,"17":0,"18":0,"19":0,"20":0,"21":0,"22":0,"23":0,"24":1,"25":1,"26":0,"27":1},"f":{"0":0,"1":0,"2":0,"3":0,"4":0,"5":0,"6":1},"b":{"0":[0,0],"1":[0,0],"2":[0,1]},"_coverageSchema":"1a1c01bbd47fc00a2c39e90264f33305004495a9","hash":"2800e3bc95334ae64e59aba35d5ef1fcbfeb85f9"}
,"/Users/viniciuscarvalho/Projects/rocketseat-gostack-gobarber-reactnative/src/pages/AppointmentCreated/index.tsx": {"path":"/Users/viniciuscarvalho/Projects/rocketseat-gostack-gobarber-reactnative/src/pages/AppointmentCreated/index.tsx","statementMap":{"0":{"start":{"line":12,"column":37},"end":{"line":48,"column":1}},"1":{"start":{"line":13,"column":20},"end":{"line":13,"column":35}},"2":{"start":{"line":14,"column":21},"end":{"line":14,"column":31}},"3":{"start":{"line":16,"column":24},"end":{"line":16,"column":45}},"4":{"start":{"line":18,"column":28},"end":{"line":27,"column":15}},"5":{"start":{"line":19,"column":8},"end":{"line":26,"column":11}},"6":{"start":{"line":29,"column":26},"end":{"line":35,"column":21}},"7":{"start":{"line":30,"column":8},"end":{"line":34,"column":10}},"8":{"start":{"line":37,"column":4},"end":{"line":47,"column":6}}},"fnMap":{"0":{"name":"(anonymous_0)","decl":{"start":{"line":12,"column":37},"end":{"line":12,"column":38}},"loc":{"start":{"line":12,"column":43},"end":{"line":48,"column":1}},"line":12},"1":{"name":"(anonymous_1)","decl":{"start":{"line":18,"column":40},"end":{"line":18,"column":41}},"loc":{"start":{"line":18,"column":46},"end":{"line":27,"column":5}},"line":18},"2":{"name":"(anonymous_2)","decl":{"start":{"line":29,"column":34},"end":{"line":29,"column":35}},"loc":{"start":{"line":29,"column":40},"end":{"line":35,"column":5}},"line":29}},"branchMap":{},"s":{"0":0,"1":0,"2":0,"3":0,"4":0,"5":0,"6":0,"7":0,"8":0},"f":{"0":0,"1":0,"2":0},"b":{}}
,"/Users/viniciuscarvalho/Projects/rocketseat-gostack-gobarber-reactnative/src/pages/CreateAppointment/index.tsx": {"path":"/Users/viniciuscarvalho/Projects/rocketseat-gostack-gobarber-reactnative/src/pages/CreateAppointment/index.tsx","statementMap":{"0":{"start":{"line":51,"column":36},"end":{"line":246,"column":1}},"1":{"start":{"line":52,"column":19},"end":{"line":52,"column":28}},"2":{"start":{"line":53,"column":18},"end":{"line":53,"column":28}},"3":{"start":{"line":54,"column":31},"end":{"line":54,"column":46}},"4":{"start":{"line":55,"column":24},"end":{"line":55,"column":51}},"5":{"start":{"line":57,"column":48},"end":{"line":57,"column":63}},"6":{"start":{"line":58,"column":38},"end":{"line":58,"column":62}},"7":{"start":{"line":59,"column":52},"end":{"line":61,"column":5}},"8":{"start":{"line":62,"column":44},"end":{"line":62,"column":64}},"9":{"start":{"line":63,"column":44},"end":{"line":63,"column":55}},"10":{"start":{"line":64,"column":44},"end":{"line":64,"column":76}},"11":{"start":{"line":66,"column":4},"end":{"line":70,"column":11}},"12":{"start":{"line":67,"column":8},"end":{"line":69,"column":11}},"13":{"start":{"line":68,"column":12},"end":{"line":68,"column":40}},"14":{"start":{"line":72,"column":4},"end":{"line":82,"column":41}},"15":{"start":{"line":73,"column":8},"end":{"line":81,"column":11}},"16":{"start":{"line":80,"column":12},"end":{"line":80,"column":43}},"17":{"start":{"line":84,"column":25},"end":{"line":86,"column":16}},"18":{"start":{"line":85,"column":8},"end":{"line":85,"column":17}},"19":{"start":{"line":88,"column":33},"end":{"line":90,"column":10}},"20":{"start":{"line":89,"column":8},"end":{"line":89,"column":40}},"21":{"start":{"line":92,"column":35},"end":{"line":94,"column":10}},"22":{"start":{"line":93,"column":8},"end":{"line":93,"column":43}},"23":{"start":{"line":93,"column":35},"end":{"line":93,"column":41}},"24":{"start":{"line":96,"column":30},"end":{"line":103,"column":10}},"25":{"start":{"line":97,"column":8},"end":{"line":99,"column":9}},"26":{"start":{"line":98,"column":12},"end":{"line":98,"column":37}},"27":{"start":{"line":100,"column":8},"end":{"line":102,"column":9}},"28":{"start":{"line":101,"column":12},"end":{"line":101,"column":34}},"29":{"start":{"line":105,"column":29},"end":{"line":107,"column":10}},"30":{"start":{"line":106,"column":8},"end":{"line":106,"column":30}},"31":{"start":{"line":109,"column":36},"end":{"line":125,"column":64}},"32":{"start":{"line":110,"column":8},"end":{"line":124,"column":9}},"33":{"start":{"line":111,"column":25},"end":{"line":111,"column":47}},"34":{"start":{"line":113,"column":12},"end":{"line":113,"column":40}},"35":{"start":{"line":114,"column":12},"end":{"line":114,"column":31}},"36":{"start":{"line":116,"column":12},"end":{"line":119,"column":15}},"37":{"start":{"line":121,"column":12},"end":{"line":121,"column":67}},"38":{"start":{"line":123,"column":12},"end":{"line":123,"column":113}},"39":{"start":{"line":127,"column":32},"end":{"line":136,"column":22}},"40":{"start":{"line":128,"column":8},"end":{"line":134,"column":11}},"41":{"start":{"line":128,"column":49},"end":{"line":128,"column":58}},"42":{"start":{"line":129,"column":12},"end":{"line":133,"column":14}},"43":{"start":{"line":138,"column":34},"end":{"line":147,"column":22}},"44":{"start":{"line":139,"column":8},"end":{"line":145,"column":11}},"45":{"start":{"line":139,"column":49},"end":{"line":139,"column":59}},"46":{"start":{"line":140,"column":12},"end":{"line":144,"column":14}},"47":{"start":{"line":149,"column":4},"end":{"line":245,"column":6}},"48":{"start":{"line":167,"column":52},"end":{"line":167,"column":63}},"49":{"start":{"line":169,"column":28},"end":{"line":187,"column":48}},"50":{"start":{"line":171,"column":36},"end":{"line":171,"column":70}},"51":{"start":{"line":219,"column":32},"end":{"line":221,"column":39}},"52":{"start":{"line":219,"column":149},"end":{"line":219,"column":171}},"53":{"start":{"line":231,"column":32},"end":{"line":233,"column":39}},"54":{"start":{"line":231,"column":149},"end":{"line":231,"column":171}}},"fnMap":{"0":{"name":"(anonymous_0)","decl":{"start":{"line":51,"column":36},"end":{"line":51,"column":37}},"loc":{"start":{"line":51,"column":42},"end":{"line":246,"column":1}},"line":51},"1":{"name":"(anonymous_1)","decl":{"start":{"line":66,"column":14},"end":{"line":66,"column":15}},"loc":{"start":{"line":66,"column":20},"end":{"line":70,"column":5}},"line":66},"2":{"name":"(anonymous_2)","decl":{"start":{"line":67,"column":34},"end":{"line":67,"column":35}},"loc":{"start":{"line":67,"column":48},"end":{"line":69,"column":9}},"line":67},"3":{"name":"(anonymous_3)","decl":{"start":{"line":72,"column":14},"end":{"line":72,"column":15}},"loc":{"start":{"line":72,"column":20},"end":{"line":82,"column":5}},"line":72},"4":{"name":"(anonymous_4)","decl":{"start":{"line":79,"column":16},"end":{"line":79,"column":17}},"loc":{"start":{"line":79,"column":28},"end":{"line":81,"column":9}},"line":79},"5":{"name":"(anonymous_5)","decl":{"start":{"line":84,"column":37},"end":{"line":84,"column":38}},"loc":{"start":{"line":84,"column":43},"end":{"line":86,"column":5}},"line":84},"6":{"name":"(anonymous_6)","decl":{"start":{"line":88,"column":45},"end":{"line":88,"column":46}},"loc":{"start":{"line":88,"column":69},"end":{"line":90,"column":5}},"line":88},"7":{"name":"(anonymous_7)","decl":{"start":{"line":92,"column":47},"end":{"line":92,"column":48}},"loc":{"start":{"line":92,"column":53},"end":{"line":94,"column":5}},"line":92},"8":{"name":"(anonymous_8)","decl":{"start":{"line":93,"column":26},"end":{"line":93,"column":27}},"loc":{"start":{"line":93,"column":35},"end":{"line":93,"column":41}},"line":93},"9":{"name":"(anonymous_9)","decl":{"start":{"line":96,"column":42},"end":{"line":96,"column":43}},"loc":{"start":{"line":96,"column":82},"end":{"line":103,"column":5}},"line":96},"10":{"name":"(anonymous_10)","decl":{"start":{"line":105,"column":41},"end":{"line":105,"column":42}},"loc":{"start":{"line":105,"column":59},"end":{"line":107,"column":5}},"line":105},"11":{"name":"(anonymous_11)","decl":{"start":{"line":109,"column":48},"end":{"line":109,"column":49}},"loc":{"start":{"line":109,"column":60},"end":{"line":125,"column":5}},"line":109},"12":{"name":"(anonymous_12)","decl":{"start":{"line":127,"column":40},"end":{"line":127,"column":41}},"loc":{"start":{"line":127,"column":46},"end":{"line":136,"column":5}},"line":127},"13":{"name":"(anonymous_13)","decl":{"start":{"line":128,"column":35},"end":{"line":128,"column":36}},"loc":{"start":{"line":128,"column":49},"end":{"line":128,"column":58}},"line":128},"14":{"name":"(anonymous_14)","decl":{"start":{"line":128,"column":64},"end":{"line":128,"column":65}},"loc":{"start":{"line":128,"column":88},"end":{"line":134,"column":9}},"line":128},"15":{"name":"(anonymous_15)","decl":{"start":{"line":138,"column":42},"end":{"line":138,"column":43}},"loc":{"start":{"line":138,"column":48},"end":{"line":147,"column":5}},"line":138},"16":{"name":"(anonymous_16)","decl":{"start":{"line":139,"column":35},"end":{"line":139,"column":36}},"loc":{"start":{"line":139,"column":49},"end":{"line":139,"column":59}},"line":139},"17":{"name":"(anonymous_17)","decl":{"start":{"line":139,"column":65},"end":{"line":139,"column":66}},"loc":{"start":{"line":139,"column":89},"end":{"line":145,"column":9}},"line":139},"18":{"name":"(anonymous_18)","decl":{"start":{"line":167,"column":38},"end":{"line":167,"column":39}},"loc":{"start":{"line":167,"column":52},"end":{"line":167,"column":63}},"line":167},"19":{"name":"(anonymous_19)","decl":{"start":{"line":168,"column":36},"end":{"line":168,"column":37}},"loc":{"start":{"line":169,"column":28},"end":{"line":187,"column":48}},"line":169},"20":{"name":"(anonymous_20)","decl":{"start":{"line":170,"column":41},"end":{"line":170,"column":42}},"loc":{"start":{"line":170,"column":47},"end":{"line":172,"column":33}},"line":170},"21":{"name":"(anonymous_21)","decl":{"start":{"line":218,"column":53},"end":{"line":218,"column":54}},"loc":{"start":{"line":219,"column":32},"end":{"line":221,"column":39}},"line":219},"22":{"name":"(anonymous_22)","decl":{"start":{"line":219,"column":142},"end":{"line":219,"column":143}},"loc":{"start":{"line":219,"column":148},"end":{"line":219,"column":172}},"line":219},"23":{"name":"(anonymous_23)","decl":{"start":{"line":230,"column":55},"end":{"line":230,"column":56}},"loc":{"start":{"line":231,"column":32},"end":{"line":233,"column":39}},"line":231},"24":{"name":"(anonymous_24)","decl":{"start":{"line":231,"column":142},"end":{"line":231,"column":143}},"loc":{"start":{"line":231,"column":148},"end":{"line":231,"column":172}},"line":231}},"branchMap":{"0":{"loc":{"start":{"line":97,"column":8},"end":{"line":99,"column":9}},"type":"if","locations":[{"start":{"line":97,"column":8},"end":{"line":99,"column":9}},{"start":{"line":97,"column":8},"end":{"line":99,"column":9}}],"line":97},"1":{"loc":{"start":{"line":100,"column":8},"end":{"line":102,"column":9}},"type":"if","locations":[{"start":{"line":100,"column":8},"end":{"line":102,"column":9}},{"start":{"line":100,"column":8},"end":{"line":102,"column":9}}],"line":100},"2":{"loc":{"start":{"line":178,"column":44},"end":{"line":179,"column":106}},"type":"binary-expr","locations":[{"start":{"line":178,"column":44},"end":{"line":178,"column":63}},{"start":{"line":179,"column":44},"end":{"line":179,"column":106}}],"line":178},"3":{"loc":{"start":{"line":200,"column":21},"end":{"line":208,"column":21}},"type":"binary-expr","locations":[{"start":{"line":200,"column":21},"end":{"line":200,"column":35}},{"start":{"line":201,"column":24},"end":{"line":207,"column":26}}],"line":200}},"s":{"0":0,"1":0,"2":0,"3":0,"4":0,"5":0,"6":0,"7":0,"8":0,"9":0,"10":0,"11":0,"12":0,"13":0,"14":0,"15":0,"16":0,"17":0,"18":0,"19":0,"20":0,"21":0,"22":0,"23":0,"24":0,"25":0,"26":0,"27":0,"28":0,"29":0,"30":0,"31":0,"32":0,"33":0,"34":0,"35":0,"36":0,"37":0,"38":0,"39":0,"40":0,"41":0,"42":0,"43":0,"44":0,"45":0,"46":0,"47":0,"48":0,"49":0,"50":0,"51":0,"52":0,"53":0,"54":0},"f":{"0":0,"1":0,"2":0,"3":0,"4":0,"5":0,"6":0,"7":0,"8":0,"9":0,"10":0,"11":0,"12":0,"13":0,"14":0,"15":0,"16":0,"17":0,"18":0,"19":0,"20":0,"21":0,"22":0,"23":0,"24":0},"b":{"0":[0,0],"1":[0,0],"2":[0,0],"3":[0,0]}}
,"/Users/viniciuscarvalho/Projects/rocketseat-gostack-gobarber-reactnative/src/pages/Dashboard/index.tsx": {"path":"/Users/viniciuscarvalho/Projects/rocketseat-gostack-gobarber-reactnative/src/pages/Dashboard/index.tsx","statementMap":{"0":{"start":{"line":29,"column":28},"end":{"line":107,"column":1}},"1":{"start":{"line":30,"column":38},"end":{"line":30,"column":62}},"2":{"start":{"line":32,"column":28},"end":{"line":32,"column":37}},"3":{"start":{"line":33,"column":23},"end":{"line":33,"column":38}},"4":{"start":{"line":35,"column":4},"end":{"line":39,"column":11}},"5":{"start":{"line":36,"column":8},"end":{"line":38,"column":11}},"6":{"start":{"line":37,"column":12},"end":{"line":37,"column":40}},"7":{"start":{"line":41,"column":30},"end":{"line":44,"column":18}},"8":{"start":{"line":42,"column":8},"end":{"line":42,"column":28}},"9":{"start":{"line":46,"column":40},"end":{"line":51,"column":5}},"10":{"start":{"line":48,"column":12},"end":{"line":48,"column":56}},"11":{"start":{"line":53,"column":4},"end":{"line":106,"column":6}},"12":{"start":{"line":66,"column":44},"end":{"line":66,"column":55}},"13":{"start":{"line":71,"column":20},"end":{"line":102,"column":40}},"14":{"start":{"line":73,"column":28},"end":{"line":73,"column":69}}},"fnMap":{"0":{"name":"(anonymous_0)","decl":{"start":{"line":29,"column":28},"end":{"line":29,"column":29}},"loc":{"start":{"line":29,"column":34},"end":{"line":107,"column":1}},"line":29},"1":{"name":"(anonymous_1)","decl":{"start":{"line":35,"column":14},"end":{"line":35,"column":15}},"loc":{"start":{"line":35,"column":20},"end":{"line":39,"column":5}},"line":35},"2":{"name":"(anonymous_2)","decl":{"start":{"line":36,"column":34},"end":{"line":36,"column":35}},"loc":{"start":{"line":36,"column":48},"end":{"line":38,"column":9}},"line":36},"3":{"name":"(anonymous_3)","decl":{"start":{"line":41,"column":42},"end":{"line":41,"column":43}},"loc":{"start":{"line":41,"column":48},"end":{"line":44,"column":5}},"line":41},"4":{"name":"(anonymous_4)","decl":{"start":{"line":47,"column":8},"end":{"line":47,"column":9}},"loc":{"start":{"line":47,"column":32},"end":{"line":49,"column":9}},"line":47},"5":{"name":"(anonymous_5)","decl":{"start":{"line":66,"column":30},"end":{"line":66,"column":31}},"loc":{"start":{"line":66,"column":44},"end":{"line":66,"column":55}},"line":66},"6":{"name":"(anonymous_6)","decl":{"start":{"line":70,"column":28},"end":{"line":70,"column":29}},"loc":{"start":{"line":71,"column":20},"end":{"line":102,"column":40}},"line":71},"7":{"name":"(anonymous_7)","decl":{"start":{"line":72,"column":33},"end":{"line":72,"column":34}},"loc":{"start":{"line":72,"column":39},"end":{"line":74,"column":25}},"line":72}},"branchMap":{"0":{"loc":{"start":{"line":79,"column":36},"end":{"line":80,"column":98}},"type":"binary-expr","locations":[{"start":{"line":79,"column":36},"end":{"line":79,"column":55}},{"start":{"line":80,"column":36},"end":{"line":80,"column":98}}],"line":79}},"s":{"0":0,"1":0,"2":0,"3":0,"4":0,"5":0,"6":0,"7":0,"8":0,"9":0,"10":0,"11":0,"12":0,"13":0,"14":0},"f":{"0":0,"1":0,"2":0,"3":0,"4":0,"5":0,"6":0,"7":0},"b":{"0":[0,0]}}
,"/Users/viniciuscarvalho/Projects/rocketseat-gostack-gobarber-reactnative/src/pages/Profile/index.tsx": {"path":"/Users/viniciuscarvalho/Projects/rocketseat-gostack-gobarber-reactnative/src/pages/Profile/index.tsx","statementMap":{"0":{"start":{"line":39,"column":25},"end":{"line":253,"column":1}},"1":{"start":{"line":40,"column":23},"end":{"line":40,"column":38}},"2":{"start":{"line":42,"column":20},"end":{"line":42,"column":45}},"3":{"start":{"line":44,"column":26},"end":{"line":44,"column":49}},"4":{"start":{"line":45,"column":32},"end":{"line":45,"column":55}},"5":{"start":{"line":46,"column":29},"end":{"line":46,"column":52}},"6":{"start":{"line":47,"column":36},"end":{"line":47,"column":59}},"7":{"start":{"line":49,"column":31},"end":{"line":49,"column":40}},"8":{"start":{"line":51,"column":25},"end":{"line":112,"column":5}},"9":{"start":{"line":53,"column":12},"end":{"line":109,"column":13}},"10":{"start":{"line":54,"column":16},"end":{"line":54,"column":47}},"11":{"start":{"line":55,"column":31},"end":{"line":70,"column":18}},"12":{"start":{"line":62,"column":37},"end":{"line":62,"column":49}},"13":{"start":{"line":72,"column":16},"end":{"line":74,"column":19}},"14":{"start":{"line":76,"column":33},"end":{"line":86,"column":17}},"15":{"start":{"line":88,"column":33},"end":{"line":88,"column":68}},"16":{"start":{"line":90,"column":16},"end":{"line":90,"column":42}},"17":{"start":{"line":92,"column":16},"end":{"line":92,"column":36}},"18":{"start":{"line":94,"column":16},"end":{"line":97,"column":18}},"19":{"start":{"line":99,"column":16},"end":{"line":103,"column":17}},"20":{"start":{"line":100,"column":35},"end":{"line":100,"column":59}},"21":{"start":{"line":101,"column":20},"end":{"line":101,"column":55}},"22":{"start":{"line":102,"column":20},"end":{"line":102,"column":27}},"23":{"start":{"line":105,"column":16},"end":{"line":108,"column":18}},"24":{"start":{"line":114,"column":31},"end":{"line":144,"column":29}},"25":{"start":{"line":115,"column":8},"end":{"line":143,"column":10}},"26":{"start":{"line":123,"column":16},"end":{"line":125,"column":17}},"27":{"start":{"line":124,"column":20},"end":{"line":124,"column":27}},"28":{"start":{"line":127,"column":16},"end":{"line":130,"column":17}},"29":{"start":{"line":128,"column":20},"end":{"line":128,"column":65}},"30":{"start":{"line":129,"column":20},"end":{"line":129,"column":27}},"31":{"start":{"line":132,"column":29},"end":{"line":132,"column":43}},"32":{"start":{"line":133,"column":16},"end":{"line":137,"column":19}},"33":{"start":{"line":139,"column":16},"end":{"line":141,"column":19}},"34":{"start":{"line":140,"column":20},"end":{"line":140,"column":49}},"35":{"start":{"line":146,"column":25},"end":{"line":148,"column":20}},"36":{"start":{"line":147,"column":8},"end":{"line":147,"column":28}},"37":{"start":{"line":150,"column":4},"end":{"line":252,"column":6}},"38":{"start":{"line":186,"column":36},"end":{"line":186,"column":67}},"39":{"start":{"line":199,"column":36},"end":{"line":199,"column":73}},"40":{"start":{"line":212,"column":36},"end":{"line":212,"column":70}},"41":{"start":{"line":224,"column":36},"end":{"line":224,"column":77}},"42":{"start":{"line":236,"column":36},"end":{"line":236,"column":66}},"43":{"start":{"line":242,"column":32},"end":{"line":242,"column":62}}},"fnMap":{"0":{"name":"(anonymous_0)","decl":{"start":{"line":39,"column":25},"end":{"line":39,"column":26}},"loc":{"start":{"line":39,"column":31},"end":{"line":253,"column":1}},"line":39},"1":{"name":"(anonymous_1)","decl":{"start":{"line":52,"column":8},"end":{"line":52,"column":9}},"loc":{"start":{"line":52,"column":41},"end":{"line":110,"column":9}},"line":52},"2":{"name":"(anonymous_2)","decl":{"start":{"line":62,"column":28},"end":{"line":62,"column":29}},"loc":{"start":{"line":62,"column":37},"end":{"line":62,"column":49}},"line":62},"3":{"name":"(anonymous_3)","decl":{"start":{"line":114,"column":43},"end":{"line":114,"column":44}},"loc":{"start":{"line":114,"column":49},"end":{"line":144,"column":5}},"line":114},"4":{"name":"(anonymous_4)","decl":{"start":{"line":122,"column":12},"end":{"line":122,"column":13}},"loc":{"start":{"line":122,"column":26},"end":{"line":142,"column":13}},"line":122},"5":{"name":"(anonymous_5)","decl":{"start":{"line":139,"column":53},"end":{"line":139,"column":54}},"loc":{"start":{"line":139,"column":70},"end":{"line":141,"column":17}},"line":139},"6":{"name":"(anonymous_6)","decl":{"start":{"line":146,"column":37},"end":{"line":146,"column":38}},"loc":{"start":{"line":146,"column":43},"end":{"line":148,"column":5}},"line":146},"7":{"name":"(anonymous_7)","decl":{"start":{"line":185,"column":49},"end":{"line":185,"column":50}},"loc":{"start":{"line":185,"column":55},"end":{"line":187,"column":33}},"line":185},"8":{"name":"(anonymous_8)","decl":{"start":{"line":198,"column":49},"end":{"line":198,"column":50}},"loc":{"start":{"line":198,"column":55},"end":{"line":200,"column":33}},"line":198},"9":{"name":"(anonymous_9)","decl":{"start":{"line":211,"column":49},"end":{"line":211,"column":50}},"loc":{"start":{"line":211,"column":55},"end":{"line":213,"column":33}},"line":211},"10":{"name":"(anonymous_10)","decl":{"start":{"line":223,"column":49},"end":{"line":223,"column":50}},"loc":{"start":{"line":223,"column":55},"end":{"line":225,"column":33}},"line":223},"11":{"name":"(anonymous_11)","decl":{"start":{"line":235,"column":49},"end":{"line":235,"column":50}},"loc":{"start":{"line":235,"column":55},"end":{"line":237,"column":33}},"line":235},"12":{"name":"(anonymous_12)","decl":{"start":{"line":241,"column":37},"end":{"line":241,"column":38}},"loc":{"start":{"line":241,"column":43},"end":{"line":244,"column":29}},"line":241}},"branchMap":{"0":{"loc":{"start":{"line":79,"column":24},"end":{"line":85,"column":28}},"type":"cond-expr","locations":[{"start":{"line":80,"column":26},"end":{"line":84,"column":27}},{"start":{"line":85,"column":26},"end":{"line":85,"column":28}}],"line":79},"1":{"loc":{"start":{"line":99,"column":16},"end":{"line":103,"column":17}},"type":"if","locations":[{"start":{"line":99,"column":16},"end":{"line":103,"column":17}},{"start":{"line":99,"column":16},"end":{"line":103,"column":17}}],"line":99},"2":{"loc":{"start":{"line":123,"column":16},"end":{"line":125,"column":17}},"type":"if","locations":[{"start":{"line":123,"column":16},"end":{"line":125,"column":17}},{"start":{"line":123,"column":16},"end":{"line":125,"column":17}}],"line":123},"3":{"loc":{"start":{"line":127,"column":16},"end":{"line":130,"column":17}},"type":"if","locations":[{"start":{"line":127,"column":16},"end":{"line":130,"column":17}},{"start":{"line":127,"column":16},"end":{"line":130,"column":17}}],"line":127},"4":{"loc":{"start":{"line":155,"column":26},"end":{"line":155,"column":71}},"type":"cond-expr","locations":[{"start":{"line":155,"column":50},"end":{"line":155,"column":59}},{"start":{"line":155,"column":62},"end":{"line":155,"column":71}}],"line":155}},"s":{"0":0,"1":0,"2":0,"3":0,"4":0,"5":0,"6":0,"7":0,"8":0,"9":0,"10":0,"11":0,"12":0,"13":0,"14":0,"15":0,"16":0,"17":0,"18":0,"19":0,"20":0,"21":0,"22":0,"23":0,"24":0,"25":0,"26":0,"27":0,"28":0,"29":0,"30":0,"31":0,"32":0,"33":0,"34":0,"35":0,"36":0,"37":0,"38":0,"39":0,"40":0,"41":0,"42":0,"43":0},"f":{"0":0,"1":0,"2":0,"3":0,"4":0,"5":0,"6":0,"7":0,"8":0,"9":0,"10":0,"11":0,"12":0},"b":{"0":[0,0],"1":[0,0],"2":[0,0],"3":[0,0],"4":[0,0]}}
,"/Users/viniciuscarvalho/Projects/rocketseat-gostack-gobarber-reactnative/src/pages/SignIn/index.tsx": {"path":"/Users/viniciuscarvalho/Projects/rocketseat-gostack-gobarber-reactnative/src/pages/SignIn/index.tsx","statementMap":{"0":{"start":{"line":36,"column":25},"end":{"line":146,"column":1}},"1":{"start":{"line":37,"column":23},"end":{"line":37,"column":38}},"2":{"start":{"line":39,"column":20},"end":{"line":39,"column":45}},"3":{"start":{"line":40,"column":28},"end":{"line":40,"column":51}},"4":{"start":{"line":42,"column":27},"end":{"line":42,"column":36}},"5":{"start":{"line":44,"column":25},"end":{"line":76,"column":10}},"6":{"start":{"line":45,"column":8},"end":{"line":75,"column":9}},"7":{"start":{"line":46,"column":12},"end":{"line":46,"column":43}},"8":{"start":{"line":47,"column":27},"end":{"line":52,"column":14}},"9":{"start":{"line":54,"column":12},"end":{"line":56,"column":15}},"10":{"start":{"line":58,"column":12},"end":{"line":61,"column":15}},"11":{"start":{"line":65,"column":12},"end":{"line":69,"column":13}},"12":{"start":{"line":66,"column":31},"end":{"line":66,"column":55}},"13":{"start":{"line":67,"column":16},"end":{"line":67,"column":51}},"14":{"start":{"line":68,"column":16},"end":{"line":68,"column":23}},"15":{"start":{"line":71,"column":12},"end":{"line":74,"column":14}},"16":{"start":{"line":78,"column":4},"end":{"line":145,"column":6}},"17":{"start":{"line":104,"column":36},"end":{"line":104,"column":69}},"18":{"start":{"line":115,"column":36},"end":{"line":115,"column":66}},"19":{"start":{"line":122,"column":32},"end":{"line":122,"column":62}},"20":{"start":{"line":137,"column":20},"end":{"line":137,"column":50}}},"fnMap":{"0":{"name":"(anonymous_0)","decl":{"start":{"line":36,"column":25},"end":{"line":36,"column":26}},"loc":{"start":{"line":36,"column":31},"end":{"line":146,"column":1}},"line":36},"1":{"name":"(anonymous_1)","decl":{"start":{"line":44,"column":37},"end":{"line":44,"column":38}},"loc":{"start":{"line":44,"column":69},"end":{"line":76,"column":5}},"line":44},"2":{"name":"(anonymous_2)","decl":{"start":{"line":103,"column":49},"end":{"line":103,"column":50}},"loc":{"start":{"line":103,"column":55},"end":{"line":105,"column":33}},"line":103},"3":{"name":"(anonymous_3)","decl":{"start":{"line":114,"column":49},"end":{"line":114,"column":50}},"loc":{"start":{"line":114,"column":55},"end":{"line":116,"column":33}},"line":114},"4":{"name":"(anonymous_4)","decl":{"start":{"line":121,"column":37},"end":{"line":121,"column":38}},"loc":{"start":{"line":121,"column":43},"end":{"line":123,"column":29}},"line":121},"5":{"name":"(anonymous_5)","decl":{"start":{"line":127,"column":49},"end":{"line":127,"column":50}},"loc":{"start":{"line":127,"column":55},"end":{"line":127,"column":57}},"line":127},"6":{"name":"(anonymous_6)","decl":{"start":{"line":136,"column":25},"end":{"line":136,"column":26}},"loc":{"start":{"line":136,"column":31},"end":{"line":138,"column":17}},"line":136}},"branchMap":{"0":{"loc":{"start":{"line":65,"column":12},"end":{"line":69,"column":13}},"type":"if","locations":[{"start":{"line":65,"column":12},"end":{"line":69,"column":13}},{"start":{"line":65,"column":12},"end":{"line":69,"column":13}}],"line":65},"1":{"loc":{"start":{"line":83,"column":26},"end":{"line":83,"column":71}},"type":"cond-expr","locations":[{"start":{"line":83,"column":50},"end":{"line":83,"column":59}},{"start":{"line":83,"column":62},"end":{"line":83,"column":71}}],"line":83}},"s":{"0":1,"1":1,"2":1,"3":1,"4":1,"5":1,"6":0,"7":0,"8":0,"9":0,"10":0,"11":0,"12":0,"13":0,"14":0,"15":0,"16":1,"17":0,"18":0,"19":0,"20":0},"f":{"0":1,"1":0,"2":0,"3":0,"4":0,"5":0,"6":0},"b":{"0":[0,0],"1":[1,0]},"_coverageSchema":"1a1c01bbd47fc00a2c39e90264f33305004495a9","hash":"24e44ff8ff63b575a9420a521584f43989f76a29"}
,"/Users/viniciuscarvalho/Projects/rocketseat-gostack-gobarber-reactnative/src/pages/SignUp/index.tsx": {"path":"/Users/viniciuscarvalho/Projects/rocketseat-gostack-gobarber-reactnative/src/pages/SignUp/index.tsx","statementMap":{"0":{"start":{"line":36,"column":25},"end":{"line":161,"column":1}},"1":{"start":{"line":37,"column":23},"end":{"line":37,"column":38}},"2":{"start":{"line":39,"column":20},"end":{"line":39,"column":45}},"3":{"start":{"line":41,"column":26},"end":{"line":41,"column":49}},"4":{"start":{"line":42,"column":29},"end":{"line":42,"column":52}},"5":{"start":{"line":44,"column":25},"end":{"line":82,"column":5}},"6":{"start":{"line":46,"column":12},"end":{"line":79,"column":13}},"7":{"start":{"line":47,"column":16},"end":{"line":47,"column":47}},"8":{"start":{"line":48,"column":31},"end":{"line":54,"column":18}},"9":{"start":{"line":56,"column":16},"end":{"line":58,"column":19}},"10":{"start":{"line":60,"column":16},"end":{"line":60,"column":47}},"11":{"start":{"line":62,"column":16},"end":{"line":65,"column":18}},"12":{"start":{"line":67,"column":16},"end":{"line":67,"column":36}},"13":{"start":{"line":69,"column":16},"end":{"line":73,"column":17}},"14":{"start":{"line":70,"column":35},"end":{"line":70,"column":59}},"15":{"start":{"line":71,"column":20},"end":{"line":71,"column":55}},"16":{"start":{"line":72,"column":20},"end":{"line":72,"column":27}},"17":{"start":{"line":75,"column":16},"end":{"line":78,"column":18}},"18":{"start":{"line":84,"column":4},"end":{"line":160,"column":6}},"19":{"start":{"line":110,"column":36},"end":{"line":110,"column":67}},"20":{"start":{"line":123,"column":36},"end":{"line":123,"column":70}},"21":{"start":{"line":135,"column":36},"end":{"line":135,"column":66}},"22":{"start":{"line":141,"column":32},"end":{"line":141,"column":62}},"23":{"start":{"line":151,"column":20},"end":{"line":151,"column":40}}},"fnMap":{"0":{"name":"(anonymous_0)","decl":{"start":{"line":36,"column":25},"end":{"line":36,"column":26}},"loc":{"start":{"line":36,"column":31},"end":{"line":161,"column":1}},"line":36},"1":{"name":"(anonymous_1)","decl":{"start":{"line":45,"column":8},"end":{"line":45,"column":9}},"loc":{"start":{"line":45,"column":40},"end":{"line":80,"column":9}},"line":45},"2":{"name":"(anonymous_2)","decl":{"start":{"line":109,"column":49},"end":{"line":109,"column":50}},"loc":{"start":{"line":109,"column":55},"end":{"line":111,"column":33}},"line":109},"3":{"name":"(anonymous_3)","decl":{"start":{"line":122,"column":49},"end":{"line":122,"column":50}},"loc":{"start":{"line":122,"column":55},"end":{"line":124,"column":33}},"line":122},"4":{"name":"(anonymous_4)","decl":{"start":{"line":134,"column":49},"end":{"line":134,"column":50}},"loc":{"start":{"line":134,"column":55},"end":{"line":136,"column":33}},"line":134},"5":{"name":"(anonymous_5)","decl":{"start":{"line":140,"column":37},"end":{"line":140,"column":38}},"loc":{"start":{"line":140,"column":43},"end":{"line":142,"column":29}},"line":140},"6":{"name":"(anonymous_6)","decl":{"start":{"line":150,"column":25},"end":{"line":150,"column":26}},"loc":{"start":{"line":150,"column":31},"end":{"line":152,"column":17}},"line":150}},"branchMap":{"0":{"loc":{"start":{"line":69,"column":16},"end":{"line":73,"column":17}},"type":"if","locations":[{"start":{"line":69,"column":16},"end":{"line":73,"column":17}},{"start":{"line":69,"column":16},"end":{"line":73,"column":17}}],"line":69},"1":{"loc":{"start":{"line":89,"column":26},"end":{"line":89,"column":71}},"type":"cond-expr","locations":[{"start":{"line":89,"column":50},"end":{"line":89,"column":59}},{"start":{"line":89,"column":62},"end":{"line":89,"column":71}}],"line":89}},"s":{"0":0,"1":0,"2":0,"3":0,"4":0,"5":0,"6":0,"7":0,"8":0,"9":0,"10":0,"11":0,"12":0,"13":0,"14":0,"15":0,"16":0,"17":0,"18":0,"19":0,"20":0,"21":0,"22":0,"23":0},"f":{"0":0,"1":0,"2":0,"3":0,"4":0,"5":0,"6":0},"b":{"0":[0,0],"1":[0,0]}}
}
